Starting Test with 4 CPUs and random number:1916189819
Total CPU Time:06:50:31
Total Avail CPU Time:06:50:31
CPU Util:24.854306392503347
=========================END=============================================
Starting Test with 4 CPUs and random number:1244499265
Total CPU Time:04:30:24
Total Avail CPU Time:04:30:24
CPU Util:24.76436347896696
=========================END=============================================
Starting Test with 4 CPUs and random number:985938537
Total CPU Time:07:10:23
Total Avail CPU Time:07:10:23
CPU Util:23.830866132960477
=========================END=============================================
Starting Test with 4 CPUs and random number:1526694642
Total CPU Time:18:30:29
Total Avail CPU Time:18:30:29
CPU Util:24.378608420125335
=========================END=============================================
Starting Test with 4 CPUs and random number:789826663
Total CPU Time:20:50:21
Total Avail CPU Time:20:50:21
CPU Util:24.750084752112592
=========================END=============================================
Starting Test with 4 CPUs and random number:297347968
Total CPU Time:16:50:13
Total Avail CPU Time:16:50:13
CPU Util:24.46952083956309
=========================END=============================================
Starting Test with 4 CPUs and random number:1418300095
